{"uuid":"0549c9c3-b39f-45f9-96e9-be9dd18076d2","historyId":"6d816d22cb22499422986fc7f1116e3c","testCaseId":"3a9ade3efbaed334b68bdfc98a34cbba","fullName":"src/test/resources/features/Authentication.feature:13","labels":[{"name":"tag","value":"invalidCredentials"},{"name":"host","value":"DESKTOP-S99UOC8"},{"name":"thread","value":"20140@DESKTOP-S99UOC8.main(1)"},{"name":"feature","value":"User Authentication"},{"name":"story","value":"User Authentication with invalid credentials"},{"name":"suite","value":"User Authentication"},{"name":"testClass","value":"User Authentication with invalid credentials"},{"name":"framework","value":"cucumber4jvm"},{"name":"language","value":"java"},{"name":"gherkin_uri","value":"file:///C:/Users/HP/eclipse-workspace/selenium-workspace/zero-bank-capstone/src/test/resources/features/Authentication.feature"},{"name":"package","value":"src.test.resources.features.Authentication_feature.User Authentication"}],"links":[],"name":"User Authentication with invalid credentials","status":"failed","statusDetails":{"known":false,"muted":false,"flaky":false,"message":"Login button click failed. expected [true] but found [false]","trace":"java.lang.AssertionError: Login button click failed. expected [true] but found [false]\r\n\tat org.testng.Assert.fail(Assert.java:111)\r\n\tat org.testng.Assert.failNotEquals(Assert.java:1578)\r\n\tat org.testng.Assert.assertTrue(Assert.java:57)\r\n\tat com.zerobank.steps.stepsDefinations.user_clicks_the_login_button(stepsDefinations.java:48)\r\n\tat ✽.User clicks the login button(file:///C:/Users/HP/eclipse-workspace/selenium-workspace/zero-bank-capstone/src/test/resources/features/Authentication.feature:16)\r\n"},"stage":"finished","steps":[{"name":"Given User is on the login page","status":"passed","statusDetails":{"known":false,"muted":false,"flaky":false},"stage":"finished","steps":[],"attachments":[],"parameters":[],"start":1742025214765,"stop":1742025216972},{"name":"When User enters \"user\" and \"pass\" in respective field","status":"passed","statusDetails":{"known":false,"muted":false,"flaky":false},"stage":"finished","steps":[],"attachments":[],"parameters":[],"start":1742025216973,"stop":1742025217328},{"name":"And User clicks the login button","status":"failed","statusDetails":{"known":false,"muted":false,"flaky":false,"message":"Login button click failed. expected [true] but found [false]","trace":"java.lang.AssertionError: Login button click failed. expected [true] but found [false]\r\n\tat org.testng.Assert.fail(Assert.java:111)\r\n\tat org.testng.Assert.failNotEquals(Assert.java:1578)\r\n\tat org.testng.Assert.assertTrue(Assert.java:57)\r\n\tat com.zerobank.steps.stepsDefinations.user_clicks_the_login_button(stepsDefinations.java:48)\r\n\tat ✽.User clicks the login button(file:///C:/Users/HP/eclipse-workspace/selenium-workspace/zero-bank-capstone/src/test/resources/features/Authentication.feature:16)\r\n"},"stage":"finished","steps":[],"attachments":[],"parameters":[],"start":1742025217328,"stop":1742025218452},{"name":"Then It should be on login page","status":"skipped","statusDetails":{"known":false,"muted":false,"flaky":false},"stage":"finished","steps":[],"attachments":[],"parameters":[],"start":1742025218453,"stop":1742025218454}],"attachments":[],"parameters":[],"start":1742025210875,"stop":1742025218465}