{"uuid":"1e462f63-63ff-4d66-8577-97fa19a74396","historyId":"ae84b7b30674d3fa1f96d78ae144f23b","testCaseId":"7b0fbe7824c9131a373fcd5dc97fcbd0","fullName":"src/test/resources/features/FundTranser.feature:5","labels":[{"name":"tag","value":"FundTransfer"},{"name":"host","value":"DESKTOP-S99UOC8"},{"name":"thread","value":"15748@DESKTOP-S99UOC8.main(1)"},{"name":"feature","value":"Fund Transfer"},{"name":"story","value":"Transfer funds between accounts"},{"name":"suite","value":"Fund Transfer"},{"name":"testClass","value":"Transfer funds between accounts"},{"name":"framework","value":"cucumber4jvm"},{"name":"language","value":"java"},{"name":"gherkin_uri","value":"file:///C:/Users/HP/eclipse-workspace/selenium-workspace/zero-bank-capstone/src/test/resources/features/FundTranser.feature"},{"name":"package","value":"src.test.resources.features.FundTranser_feature.Fund Transfer"}],"links":[],"name":"Transfer funds between accounts","status":"failed","statusDetails":{"known":false,"muted":false,"flaky":false,"message":"expected [You successfully submitted your transaction.] but found [true]","trace":"java.lang.AssertionError: expected [You successfully submitted your transaction.] but found [true]\r\n\tat org.testng.Assert.fail(Assert.java:111)\r\n\tat org.testng.Assert.failNotEquals(Assert.java:1578)\r\n\tat org.testng.Assert.assertEqualsImpl(Assert.java:150)\r\n\tat org.testng.Assert.assertEquals(Assert.java:132)\r\n\tat org.testng.Assert.assertEquals(Assert.java:644)\r\n\tat com.zerobank.steps.FundTransferStepDefinations.a_success_message_should_be_displayed(FundTransferStepDefinations.java:54)\r\n\tat ✽.a success message should be displayed(file:///C:/Users/HP/eclipse-workspace/selenium-workspace/zero-bank-capstone/src/test/resources/features/FundTranser.feature:10)\r\n"},"stage":"finished","steps":[{"name":"Given the user is logged in","status":"passed","statusDetails":{"known":false,"muted":false,"flaky":false},"stage":"finished","steps":[],"attachments":[],"parameters":[],"start":1742131334667,"stop":1742131339847},{"name":"When the user navigates to the fund transfer page","status":"passed","statusDetails":{"known":false,"muted":false,"flaky":false},"stage":"finished","steps":[],"attachments":[],"parameters":[],"start":1742131339852,"stop":1742131340592},{"name":"And selects the sender and the reciever","status":"passed","statusDetails":{"known":false,"muted":false,"flaky":false},"stage":"finished","steps":[],"attachments":[],"parameters":[],"start":1742131340593,"stop":1742131340806},{"name":"And enters the valid transfer amount and click submit","status":"passed","statusDetails":{"known":false,"muted":false,"flaky":false},"stage":"finished","steps":[],"attachments":[],"parameters":[],"start":1742131340806,"stop":1742131341647},{"name":"Then a success message should be displayed","status":"failed","statusDetails":{"known":false,"muted":false,"flaky":false,"message":"expected [You successfully submitted your transaction.] but found [true]","trace":"java.lang.AssertionError: expected [You successfully submitted your transaction.] but found [true]\r\n\tat org.testng.Assert.fail(Assert.java:111)\r\n\tat org.testng.Assert.failNotEquals(Assert.java:1578)\r\n\tat org.testng.Assert.assertEqualsImpl(Assert.java:150)\r\n\tat org.testng.Assert.assertEquals(Assert.java:132)\r\n\tat org.testng.Assert.assertEquals(Assert.java:644)\r\n\tat com.zerobank.steps.FundTransferStepDefinations.a_success_message_should_be_displayed(FundTransferStepDefinations.java:54)\r\n\tat ✽.a success message should be displayed(file:///C:/Users/HP/eclipse-workspace/selenium-workspace/zero-bank-capstone/src/test/resources/features/FundTranser.feature:10)\r\n"},"stage":"finished","steps":[],"attachments":[],"parameters":[],"start":1742131341647,"stop":1742131342004}],"attachments":[],"parameters":[],"start":1742131329187,"stop":1742131342337}