{"uuid":"5ed16c8e-c90f-4988-8e12-618366f38f45","historyId":"fb180f32c6ce3d67bd9e2b1ab024a212","testCaseId":"18e2c410dacec097444fe217adf92aad","fullName":"src/test/resources/features/AccountSummary.feature:5","labels":[{"name":"tag","value":"AccountSummary"},{"name":"host","value":"DESKTOP-S99UOC8"},{"name":"thread","value":"26636@DESKTOP-S99UOC8.main(1)"},{"name":"feature","value":"Account Summary"},{"name":"story","value":"Verify account details and balances"},{"name":"suite","value":"Account Summary"},{"name":"testClass","value":"Verify account details and balances"},{"name":"framework","value":"cucumber4jvm"},{"name":"language","value":"java"},{"name":"gherkin_uri","value":"file:///C:/Users/HP/eclipse-workspace/selenium-workspace/zero-bank-capstone/src/test/resources/features/AccountSummary.feature"},{"name":"package","value":"src.test.resources.features.AccountSummary_feature.Account Summary"}],"links":[],"name":"Verify account details and balances","status":"failed","statusDetails":{"known":false,"muted":false,"flaky":false,"message":"expected [true] but found [false]","trace":"java.lang.AssertionError: expected [true] but found [false]\r\n\tat org.testng.Assert.fail(Assert.java:111)\r\n\tat org.testng.Assert.failNotEquals(Assert.java:1578)\r\n\tat org.testng.Assert.assertTrue(Assert.java:57)\r\n\tat org.testng.Assert.assertTrue(Assert.java:67)\r\n\tat com.zerobank.steps.AccountSummaryStepDefinations.user_is_logged_in(AccountSummaryStepDefinations.java:29)\r\n\tat ✽.User is logged in(file:///C:/Users/HP/eclipse-workspace/selenium-workspace/zero-bank-capstone/src/test/resources/features/AccountSummary.feature:6)\r\n"},"stage":"finished","steps":[{"name":"Given User is logged in","status":"failed","statusDetails":{"known":false,"muted":false,"flaky":false,"message":"expected [true] but found [false]","trace":"java.lang.AssertionError: expected [true] but found [false]\r\n\tat org.testng.Assert.fail(Assert.java:111)\r\n\tat org.testng.Assert.failNotEquals(Assert.java:1578)\r\n\tat org.testng.Assert.assertTrue(Assert.java:57)\r\n\tat org.testng.Assert.assertTrue(Assert.java:67)\r\n\tat com.zerobank.steps.AccountSummaryStepDefinations.user_is_logged_in(AccountSummaryStepDefinations.java:29)\r\n\tat ✽.User is logged in(file:///C:/Users/HP/eclipse-workspace/selenium-workspace/zero-bank-capstone/src/test/resources/features/AccountSummary.feature:6)\r\n"},"stage":"finished","steps":[],"attachments":[],"parameters":[],"start":1742043259677,"stop":1742043263457},{"name":"When User navigates to the account summary page","status":"skipped","statusDetails":{"known":false,"muted":false,"flaky":false},"stage":"finished","steps":[],"attachments":[],"parameters":[],"start":1742043263458,"stop":1742043263459},{"name":"Then The account details should be displayed","status":"skipped","statusDetails":{"known":false,"muted":false,"flaky":false},"stage":"finished","steps":[],"attachments":[],"parameters":[],"start":1742043263459,"stop":1742043263460},{"name":"And The account balances should be correct","status":"skipped","statusDetails":{"known":false,"muted":false,"flaky":false},"stage":"finished","steps":[],"attachments":[],"parameters":[],"start":1742043263460,"stop":1742043263461}],"attachments":[],"parameters":[],"start":1742043249113,"stop":1742043263475}