{"uuid":"64357065-639f-4d1e-9839-15bd8abf1a92","historyId":"6f00cce7e103720a335c60aef694d847","testCaseId":"d483138a57829719ac20733f334690af","fullName":"src/test/resources/features/Logout.feature:4","labels":[{"name":"tag","value":"LogoutFunctionality"},{"name":"tag","value":"SuccessfulLogout"},{"name":"host","value":"DESKTOP-KHFPL78"},{"name":"thread","value":"33164@DESKTOP-KHFPL78.main(1)"},{"name":"feature","value":"Logging out"},{"name":"story","value":"Loggig in and Logging out"},{"name":"suite","value":"Logging out"},{"name":"testClass","value":"Loggig in and Logging out"},{"name":"framework","value":"cucumber4jvm"},{"name":"language","value":"java"},{"name":"gherkin_uri","value":"file:///C:/Users/Administrator/Downloads/selenium-workspace/zero-bank-capstone/src/test/resources/features/Logout.feature"},{"name":"package","value":"src.test.resources.features.Logout_feature.Logging out"}],"links":[],"name":"Loggig in and Logging out","status":"failed","statusDetails":{"known":false,"muted":false,"flaky":false,"message":"An error occurred while checking if the user is on the login page: no such element: Unable to locate element: {\"method\":\"xpath\",\"selector\":\"//input[@id='user_login']\"}\n  (Session info: chrome=133.0.6943.127)\nFor documentation on this error, please visit: https://www.selenium.dev/documentation/webdriver/troubleshooting/errors#no-such-element-exception\nBuild info: version: '4.27.0', revision: 'd6e718d134'\nSystem info: os.name: 'Windows 10', os.arch: 'amd64', os.version: '10.0', java.version: '23.0.2'\nDriver info: org.openqa.selenium.chrome.ChromeDriver\nCommand: [69e47a92234b4f0ddc96b9aefab781ad, findElement {value=//input[@id='user_login'], using=xpath}]\nCapabilities {acceptInsecureCerts: false, browserName: chrome, browserVersion: 133.0.6943.127, chrome: {chromedriverVersion: 133.0.6943.141 (2a5d6da0d61..., userDataDir: C:\\Windows\\SystemTemp\\scope...}, fedcm:accounts: true, goog:chromeOptions: {debuggerAddress: localhost:58782}, networkConnectionEnabled: false, pageLoadStrategy: normal, platformName: windows, proxy: Proxy(), se:cdp: ws://localhost:58782/devtoo..., se:cdpVersion: 133.0.6943.127, setWindowRect: true, strictFileInteractability: false, timeouts: {implicit: 0, pageLoad: 300000, script: 30000}, unhandledPromptBehavior: dismiss and notify, webauthn:extension:credBlob: true, webauthn:extension:largeBlob: true, webauthn:extension:minPinLength: true, webauthn:extension:prf: true, webauthn:virtualAuthenticators: true}\nSession ID: 69e47a92234b4f0ddc96b9aefab781ad","trace":"java.lang.AssertionError: An error occurred while checking if the user is on the login page: no such element: Unable to locate element: {\"method\":\"xpath\",\"selector\":\"//input[@id='user_login']\"}\n  (Session info: chrome=133.0.6943.127)\nFor documentation on this error, please visit: https://www.selenium.dev/documentation/webdriver/troubleshooting/errors#no-such-element-exception\nBuild info: version: '4.27.0', revision: 'd6e718d134'\nSystem info: os.name: 'Windows 10', os.arch: 'amd64', os.version: '10.0', java.version: '23.0.2'\nDriver info: org.openqa.selenium.chrome.ChromeDriver\nCommand: [69e47a92234b4f0ddc96b9aefab781ad, findElement {value=//input[@id='user_login'], using=xpath}]\nCapabilities {acceptInsecureCerts: false, browserName: chrome, browserVersion: 133.0.6943.127, chrome: {chromedriverVersion: 133.0.6943.141 (2a5d6da0d61..., userDataDir: C:\\Windows\\SystemTemp\\scope...}, fedcm:accounts: true, goog:chromeOptions: {debuggerAddress: localhost:58782}, networkConnectionEnabled: false, pageLoadStrategy: normal, platformName: windows, proxy: Proxy(), se:cdp: ws://localhost:58782/devtoo..., se:cdpVersion: 133.0.6943.127, setWindowRect: true, strictFileInteractability: false, timeouts: {implicit: 0, pageLoad: 300000, script: 30000}, unhandledPromptBehavior: dismiss and notify, webauthn:extension:credBlob: true, webauthn:extension:largeBlob: true, webauthn:extension:minPinLength: true, webauthn:extension:prf: true, webauthn:virtualAuthenticators: true}\nSession ID: 69e47a92234b4f0ddc96b9aefab781ad\r\n\tat org.testng.Assert.fail(Assert.java:111)\r\n\tat com.zerobank.steps.LogOutStepDefinitions.it_should_be_on_the_login_page(LogOutStepDefinitions.java:40)\r\n\tat ✽.It should be on the login page(file:///C:/Users/Administrator/Downloads/selenium-workspace/zero-bank-capstone/src/test/resources/features/Logout.feature:7)\r\n"},"stage":"finished","steps":[{"name":"Given User is logged in","status":"passed","statusDetails":{"known":false,"muted":false,"flaky":false},"stage":"finished","steps":[],"attachments":[],"parameters":[],"start":1742350075215,"stop":1742350078957},{"name":"And User click logout button","status":"passed","statusDetails":{"known":false,"muted":false,"flaky":false},"stage":"finished","steps":[],"attachments":[],"parameters":[],"start":1742350078959,"stop":1742350079982},{"name":"Then It should be on the login page","status":"failed","statusDetails":{"known":false,"muted":false,"flaky":false,"message":"An error occurred while checking if the user is on the login page: no such element: Unable to locate element: {\"method\":\"xpath\",\"selector\":\"//input[@id='user_login']\"}\n  (Session info: chrome=133.0.6943.127)\nFor documentation on this error, please visit: https://www.selenium.dev/documentation/webdriver/troubleshooting/errors#no-such-element-exception\nBuild info: version: '4.27.0', revision: 'd6e718d134'\nSystem info: os.name: 'Windows 10', os.arch: 'amd64', os.version: '10.0', java.version: '23.0.2'\nDriver info: org.openqa.selenium.chrome.ChromeDriver\nCommand: [69e47a92234b4f0ddc96b9aefab781ad, findElement {value=//input[@id='user_login'], using=xpath}]\nCapabilities {acceptInsecureCerts: false, browserName: chrome, browserVersion: 133.0.6943.127, chrome: {chromedriverVersion: 133.0.6943.141 (2a5d6da0d61..., userDataDir: C:\\Windows\\SystemTemp\\scope...}, fedcm:accounts: true, goog:chromeOptions: {debuggerAddress: localhost:58782}, networkConnectionEnabled: false, pageLoadStrategy: normal, platformName: windows, proxy: Proxy(), se:cdp: ws://localhost:58782/devtoo..., se:cdpVersion: 133.0.6943.127, setWindowRect: true, strictFileInteractability: false, timeouts: {implicit: 0, pageLoad: 300000, script: 30000}, unhandledPromptBehavior: dismiss and notify, webauthn:extension:credBlob: true, webauthn:extension:largeBlob: true, webauthn:extension:minPinLength: true, webauthn:extension:prf: true, webauthn:virtualAuthenticators: true}\nSession ID: 69e47a92234b4f0ddc96b9aefab781ad","trace":"java.lang.AssertionError: An error occurred while checking if the user is on the login page: no such element: Unable to locate element: {\"method\":\"xpath\",\"selector\":\"//input[@id='user_login']\"}\n  (Session info: chrome=133.0.6943.127)\nFor documentation on this error, please visit: https://www.selenium.dev/documentation/webdriver/troubleshooting/errors#no-such-element-exception\nBuild info: version: '4.27.0', revision: 'd6e718d134'\nSystem info: os.name: 'Windows 10', os.arch: 'amd64', os.version: '10.0', java.version: '23.0.2'\nDriver info: org.openqa.selenium.chrome.ChromeDriver\nCommand: [69e47a92234b4f0ddc96b9aefab781ad, findElement {value=//input[@id='user_login'], using=xpath}]\nCapabilities {acceptInsecureCerts: false, browserName: chrome, browserVersion: 133.0.6943.127, chrome: {chromedriverVersion: 133.0.6943.141 (2a5d6da0d61..., userDataDir: C:\\Windows\\SystemTemp\\scope...}, fedcm:accounts: true, goog:chromeOptions: {debuggerAddress: localhost:58782}, networkConnectionEnabled: false, pageLoadStrategy: normal, platformName: windows, proxy: Proxy(), se:cdp: ws://localhost:58782/devtoo..., se:cdpVersion: 133.0.6943.127, setWindowRect: true, strictFileInteractability: false, timeouts: {implicit: 0, pageLoad: 300000, script: 30000}, unhandledPromptBehavior: dismiss and notify, webauthn:extension:credBlob: true, webauthn:extension:largeBlob: true, webauthn:extension:minPinLength: true, webauthn:extension:prf: true, webauthn:virtualAuthenticators: true}\nSession ID: 69e47a92234b4f0ddc96b9aefab781ad\r\n\tat org.testng.Assert.fail(Assert.java:111)\r\n\tat com.zerobank.steps.LogOutStepDefinitions.it_should_be_on_the_login_page(LogOutStepDefinitions.java:40)\r\n\tat ✽.It should be on the login page(file:///C:/Users/Administrator/Downloads/selenium-workspace/zero-bank-capstone/src/test/resources/features/Logout.feature:7)\r\n"},"stage":"finished","steps":[],"attachments":[],"parameters":[],"start":1742350079982,"stop":1742350100034}],"attachments":[],"parameters":[],"start":1742350066616,"stop":1742350100557}