{"uuid":"b5994e44-b39c-4978-9404-a50a189cee1a","historyId":"18af2fd0812916294b101da6345273e6","testCaseId":"3a9ade3efbaed334b68bdfc98a34cbba","fullName":"src/test/resources/features/Authentication.feature:14","labels":[{"name":"tag","value":"Authentication"},{"name":"tag","value":"invalidCredentials"},{"name":"host","value":"DESKTOP-S99UOC8"},{"name":"thread","value":"20388@DESKTOP-S99UOC8.main(1)"},{"name":"feature","value":"User Authentication"},{"name":"story","value":"User Authentication with invalid credentials"},{"name":"suite","value":"User Authentication"},{"name":"testClass","value":"User Authentication with invalid credentials"},{"name":"framework","value":"cucumber4jvm"},{"name":"language","value":"java"},{"name":"gherkin_uri","value":"file:///C:/Users/HP/eclipse-workspace/selenium-workspace/zero-bank-capstone/src/test/resources/features/Authentication.feature"},{"name":"package","value":"src.test.resources.features.Authentication_feature.User Authentication"}],"links":[],"name":"User Authentication with invalid credentials","status":"failed","statusDetails":{"known":false,"muted":false,"flaky":false,"message":"An error occurred while checking if the user is on the login page: stale element reference: stale element not found\n  (Session info: chrome=134.0.6998.89)\nFor documentation on this error, please visit: https://www.selenium.dev/documentation/webdriver/troubleshooting/errors#stale-element-reference-exception\nBuild info: version: '4.27.0', revision: 'd6e718d134'\nSystem info: os.name: 'Windows 10', os.arch: 'amd64', os.version: '10.0', java.version: '21.0.6'\nDriver info: org.openqa.selenium.chrome.ChromeDriver\nCommand: [d71484564b524928d9c25184b5cb969a, isElementDisplayed {id=f.78ABBF0C305705AF652D7AF7FED7799B.d.EC17C811C74885D343D59A08CFA0BEA4.e.9}]\nCapabilities {acceptInsecureCerts: false, browserName: chrome, browserVersion: 134.0.6998.89, chrome: {chromedriverVersion: 134.0.6998.88 (7e3d5c978c6d..., userDataDir: C:\\Users\\HP\\AppData\\Local\\T...}, fedcm:accounts: true, goog:chromeOptions: {debuggerAddress: localhost:53608}, networkConnectionEnabled: false, pageLoadStrategy: normal, platformName: windows, proxy: Proxy(), se:cdp: ws://localhost:53608/devtoo..., se:cdpVersion: 134.0.6998.89, setWindowRect: true, strictFileInteractability: false, timeouts: {implicit: 0, pageLoad: 300000, script: 30000}, unhandledPromptBehavior: dismiss and notify, webauthn:extension:credBlob: true, webauthn:extension:largeBlob: true, webauthn:extension:minPinLength: true, webauthn:extension:prf: true, webauthn:virtualAuthenticators: true}\nElement: [[ChromeDriver: chrome on windows (d71484564b524928d9c25184b5cb969a)] -> xpath: //input[@id='user_login']]\nSession ID: d71484564b524928d9c25184b5cb969a","trace":"java.lang.AssertionError: An error occurred while checking if the user is on the login page: stale element reference: stale element not found\n  (Session info: chrome=134.0.6998.89)\nFor documentation on this error, please visit: https://www.selenium.dev/documentation/webdriver/troubleshooting/errors#stale-element-reference-exception\nBuild info: version: '4.27.0', revision: 'd6e718d134'\nSystem info: os.name: 'Windows 10', os.arch: 'amd64', os.version: '10.0', java.version: '21.0.6'\nDriver info: org.openqa.selenium.chrome.ChromeDriver\nCommand: [d71484564b524928d9c25184b5cb969a, isElementDisplayed {id=f.78ABBF0C305705AF652D7AF7FED7799B.d.EC17C811C74885D343D59A08CFA0BEA4.e.9}]\nCapabilities {acceptInsecureCerts: false, browserName: chrome, browserVersion: 134.0.6998.89, chrome: {chromedriverVersion: 134.0.6998.88 (7e3d5c978c6d..., userDataDir: C:\\Users\\HP\\AppData\\Local\\T...}, fedcm:accounts: true, goog:chromeOptions: {debuggerAddress: localhost:53608}, networkConnectionEnabled: false, pageLoadStrategy: normal, platformName: windows, proxy: Proxy(), se:cdp: ws://localhost:53608/devtoo..., se:cdpVersion: 134.0.6998.89, setWindowRect: true, strictFileInteractability: false, timeouts: {implicit: 0, pageLoad: 300000, script: 30000}, unhandledPromptBehavior: dismiss and notify, webauthn:extension:credBlob: true, webauthn:extension:largeBlob: true, webauthn:extension:minPinLength: true, webauthn:extension:prf: true, webauthn:virtualAuthenticators: true}\nElement: [[ChromeDriver: chrome on windows (d71484564b524928d9c25184b5cb969a)] -> xpath: //input[@id='user_login']]\nSession ID: d71484564b524928d9c25184b5cb969a\r\n\tat org.testng.Assert.fail(Assert.java:111)\r\n\tat com.zerobank.steps.AuthenticationStepsDefinations.it_should_be_on_login_page(AuthenticationStepsDefinations.java:81)\r\n\tat ✽.It should be on login page(file:///C:/Users/HP/eclipse-workspace/selenium-workspace/zero-bank-capstone/src/test/resources/features/Authentication.feature:18)\r\n"},"stage":"finished","steps":[{"name":"Given User is on the login page","status":"passed","statusDetails":{"known":false,"muted":false,"flaky":false},"stage":"finished","steps":[],"attachments":[],"parameters":[],"start":1742127637698,"stop":1742127638238},{"name":"When User enters \"user\" and \"pass\" in respective field","status":"passed","statusDetails":{"known":false,"muted":false,"flaky":false},"stage":"finished","steps":[],"attachments":[],"parameters":[],"start":1742127638239,"stop":1742127638583},{"name":"And User clicks the login button2","status":"passed","statusDetails":{"known":false,"muted":false,"flaky":false},"stage":"finished","steps":[],"attachments":[],"parameters":[],"start":1742127638583,"stop":1742127638805},{"name":"Then It should be on login page","status":"failed","statusDetails":{"known":false,"muted":false,"flaky":false,"message":"An error occurred while checking if the user is on the login page: stale element reference: stale element not found\n  (Session info: chrome=134.0.6998.89)\nFor documentation on this error, please visit: https://www.selenium.dev/documentation/webdriver/troubleshooting/errors#stale-element-reference-exception\nBuild info: version: '4.27.0', revision: 'd6e718d134'\nSystem info: os.name: 'Windows 10', os.arch: 'amd64', os.version: '10.0', java.version: '21.0.6'\nDriver info: org.openqa.selenium.chrome.ChromeDriver\nCommand: [d71484564b524928d9c25184b5cb969a, isElementDisplayed {id=f.78ABBF0C305705AF652D7AF7FED7799B.d.EC17C811C74885D343D59A08CFA0BEA4.e.9}]\nCapabilities {acceptInsecureCerts: false, browserName: chrome, browserVersion: 134.0.6998.89, chrome: {chromedriverVersion: 134.0.6998.88 (7e3d5c978c6d..., userDataDir: C:\\Users\\HP\\AppData\\Local\\T...}, fedcm:accounts: true, goog:chromeOptions: {debuggerAddress: localhost:53608}, networkConnectionEnabled: false, pageLoadStrategy: normal, platformName: windows, proxy: Proxy(), se:cdp: ws://localhost:53608/devtoo..., se:cdpVersion: 134.0.6998.89, setWindowRect: true, strictFileInteractability: false, timeouts: {implicit: 0, pageLoad: 300000, script: 30000}, unhandledPromptBehavior: dismiss and notify, webauthn:extension:credBlob: true, webauthn:extension:largeBlob: true, webauthn:extension:minPinLength: true, webauthn:extension:prf: true, webauthn:virtualAuthenticators: true}\nElement: [[ChromeDriver: chrome on windows (d71484564b524928d9c25184b5cb969a)] -> xpath: //input[@id='user_login']]\nSession ID: d71484564b524928d9c25184b5cb969a","trace":"java.lang.AssertionError: An error occurred while checking if the user is on the login page: stale element reference: stale element not found\n  (Session info: chrome=134.0.6998.89)\nFor documentation on this error, please visit: https://www.selenium.dev/documentation/webdriver/troubleshooting/errors#stale-element-reference-exception\nBuild info: version: '4.27.0', revision: 'd6e718d134'\nSystem info: os.name: 'Windows 10', os.arch: 'amd64', os.version: '10.0', java.version: '21.0.6'\nDriver info: org.openqa.selenium.chrome.ChromeDriver\nCommand: [d71484564b524928d9c25184b5cb969a, isElementDisplayed {id=f.78ABBF0C305705AF652D7AF7FED7799B.d.EC17C811C74885D343D59A08CFA0BEA4.e.9}]\nCapabilities {acceptInsecureCerts: false, browserName: chrome, browserVersion: 134.0.6998.89, chrome: {chromedriverVersion: 134.0.6998.88 (7e3d5c978c6d..., userDataDir: C:\\Users\\HP\\AppData\\Local\\T...}, fedcm:accounts: true, goog:chromeOptions: {debuggerAddress: localhost:53608}, networkConnectionEnabled: false, pageLoadStrategy: normal, platformName: windows, proxy: Proxy(), se:cdp: ws://localhost:53608/devtoo..., se:cdpVersion: 134.0.6998.89, setWindowRect: true, strictFileInteractability: false, timeouts: {implicit: 0, pageLoad: 300000, script: 30000}, unhandledPromptBehavior: dismiss and notify, webauthn:extension:credBlob: true, webauthn:extension:largeBlob: true, webauthn:extension:minPinLength: true, webauthn:extension:prf: true, webauthn:virtualAuthenticators: true}\nElement: [[ChromeDriver: chrome on windows (d71484564b524928d9c25184b5cb969a)] -> xpath: //input[@id='user_login']]\nSession ID: d71484564b524928d9c25184b5cb969a\r\n\tat org.testng.Assert.fail(Assert.java:111)\r\n\tat com.zerobank.steps.AuthenticationStepsDefinations.it_should_be_on_login_page(AuthenticationStepsDefinations.java:81)\r\n\tat ✽.It should be on login page(file:///C:/Users/HP/eclipse-workspace/selenium-workspace/zero-bank-capstone/src/test/resources/features/Authentication.feature:18)\r\n"},"stage":"finished","steps":[],"attachments":[],"parameters":[],"start":1742127638805,"stop":1742127639945}],"attachments":[],"parameters":[],"start":1742127632639,"stop":1742127639959}