{"uuid":"cd56f888-d600-4142-a8e1-686264f58fc9","historyId":"581ab8c41db283730d86f7087a19c49a","testCaseId":"c3fe03f9d54c24fdfbbe9a76861a973c","fullName":"src/test/resources/features/Authentication.feature:6","labels":[{"name":"tag","value":"validCredentials"},{"name":"host","value":"DESKTOP-S99UOC8"},{"name":"thread","value":"15588@DESKTOP-S99UOC8.main(1)"},{"name":"feature","value":"User Authentication"},{"name":"story","value":"User Authentication with valid credentials"},{"name":"suite","value":"User Authentication"},{"name":"testClass","value":"User Authentication with valid credentials"},{"name":"framework","value":"cucumber4jvm"},{"name":"language","value":"java"},{"name":"gherkin_uri","value":"file:///C:/Users/HP/eclipse-workspace/selenium-workspace/zero-bank-capstone/src/test/resources/features/Authentication.feature"},{"name":"package","value":"src.test.resources.features.Authentication_feature.User Authentication"}],"links":[],"name":"User Authentication with valid credentials","status":"failed","statusDetails":{"known":false,"muted":false,"flaky":false,"message":"Login button click failed. expected [true] but found [false]","trace":"java.lang.AssertionError: Login button click failed. expected [true] but found [false]\r\n\tat org.testng.Assert.fail(Assert.java:111)\r\n\tat org.testng.Assert.failNotEquals(Assert.java:1578)\r\n\tat org.testng.Assert.assertTrue(Assert.java:57)\r\n\tat com.zerobank.steps.stepsDefinations.user_clicks_the_login_button(stepsDefinations.java:48)\r\n\tat ✽.User clicks the login button(file:///C:/Users/HP/eclipse-workspace/selenium-workspace/zero-bank-capstone/src/test/resources/features/Authentication.feature:9)\r\n"},"stage":"finished","steps":[{"name":"Given User is on the login page","status":"passed","statusDetails":{"known":false,"muted":false,"flaky":false},"stage":"finished","steps":[],"attachments":[],"parameters":[],"start":1742023281792,"stop":1742023282296},{"name":"When User enters \"username\" and \"password\" in respective field","status":"passed","statusDetails":{"known":false,"muted":false,"flaky":false},"stage":"finished","steps":[],"attachments":[],"parameters":[],"start":1742023282297,"stop":1742023282590},{"name":"And User clicks the login button","status":"failed","statusDetails":{"known":false,"muted":false,"flaky":false,"message":"Login button click failed. expected [true] but found [false]","trace":"java.lang.AssertionError: Login button click failed. expected [true] but found [false]\r\n\tat org.testng.Assert.fail(Assert.java:111)\r\n\tat org.testng.Assert.failNotEquals(Assert.java:1578)\r\n\tat org.testng.Assert.assertTrue(Assert.java:57)\r\n\tat com.zerobank.steps.stepsDefinations.user_clicks_the_login_button(stepsDefinations.java:48)\r\n\tat ✽.User clicks the login button(file:///C:/Users/HP/eclipse-workspace/selenium-workspace/zero-bank-capstone/src/test/resources/features/Authentication.feature:9)\r\n"},"stage":"finished","steps":[],"attachments":[],"parameters":[],"start":1742023282592,"stop":1742023287949},{"name":"Then User is navigated to their account","status":"skipped","statusDetails":{"known":false,"muted":false,"flaky":false},"stage":"finished","steps":[],"attachments":[],"parameters":[],"start":1742023287953,"stop":1742023287955}],"attachments":[],"parameters":[],"start":1742023275403,"stop":1742023288306}